[08:41:20.791] Global cache location '/home/krypt0/.cache/typescript/4.5', safe file path '/usr/lib/node_modules/typescript/lib/typingSafeList.json', types map path /usr/lib/node_modules/typescript/lib/typesMap.json
[08:41:20.791] Processing cache location '/home/krypt0/.cache/typescript/4.5'
[08:41:20.791] Trying to find '/home/krypt0/.cache/typescript/4.5/package.json'...
[08:41:20.799] Loaded content of '/home/krypt0/.cache/typescript/4.5/package.json': {"private":true,"dependencies":{"types-registry":"^0.1.577"},"devDependencies":{"@types/abbrev":"^1.1.2","@types/accepts":"^1.3.5","@types/are-we-there-yet":"^1.1.0","@types/argparse":"^2.0.10","@types/async":"^3.2.12","@types/atob":"^2.1.2","@types/balanced-match":"^1.0.2","@types/base64id":"^2.0.0","@types/big.js":"^6.1.2","@types/bl":"^5.0.2","@types/body-parser":"^1.19.2","@types/bonjour":"^3.5.10","@types/boolbase":"^1.0.1","@types/brace-expansion":"^1.1.0","@types/braces":"^3.0.1","@types/buffer-from":"^1.1.0","@types/bytes":"^3.1.1","@types/cacache":"^15.0.1","@types/call-bind":"^1.0.0","@types/camelcase-css":"^2.0.0","@types/caniuse-lite":"^1.0.1","@types/chardet":"^0.8.1","@types/chownr":"^1.0.0","@types/circular-dependency-plugin":"^5.0.5","@types/cli-spinners":"^1.3.0","@types/clone":"^2.1.1","@types/clone-deep":"^4.0.1","@types/color-convert":"^2.0.0","@types/color-name":"^1.1.1","@types/color-support":"^1.1.1","@types/commondir":"^1.0.0","@types/component-emitter":"^1.2.11","@types/compressible":"^2.0.0","@types/compression":"^1.7.2","@types/concat-map":"^0.0.1","@types/connect":"^3.4.35","@types/connect-history-api-fallback":"^1.3.5","@types/content-disposition":"^0.5.4","@types/content-type":"^1.1.5","@types/convert-source-map":"^1.5.2","@types/cookie":"^0.4.1","@types/cookie-signature":"^1.0.4","@types/core-js":"^2.5.5","@types/cors":"^2.8.12","@types/cross-spawn":"^6.0.2","@types/css":"^0.0.33","@types/cssesc":"^3.0.0","@types/debug":"^4.1.7","@types/decode-uri-component":"^0.2.0","@types/deep-equal":"^1.0.1","@types/default-gateway":"^3.0.1","@types/defaults":"^1.0.3","@types/define-properties":"^1.1.3","@types/defined":"^1.0.0","@types/delegates":"^1.0.0","@types/depd":"^1.1.32","@types/destroy":"^1.0.0","@types/detect-node":"^2.0.0","@types/detective":"^5.1.2","@types/di":"^0.0.1","@types/didyoumean":"^1.2.0","@types/dir-glob":"^2.0.1","@types/dlv":"^1.1.2","@types/dns-packet":"^5.2.4","@types/ee-first":"^1.1.0","@types/encodeurl":"^1.0.0","@types/ent":"^2.2.5","@types/escape-html":"^1.0.1","@types/eslint-scope":"^3.7.2","@types/esprima":"^4.0.3","@types/estraverse":"^5.1.1","@types/esutils":"^2.0.0","@types/etag":"^1.8.1","@types/events":"^3.0.0","@types/express":"^4.17.13","@types/extend":"^3.0.1","@types/fill-range":"^7.0.0","@types/finalhandler":"^1.1.1","@types/find-cache-dir":"^3.2.1","@types/follow-redirects":"^1.13.1","@types/forwarded":"^0.1.0","@types/fresh":"^0.5.0","@types/fs-extra":"^9.0.13","@types/function-bind":"^1.1.6","@types/get-intrinsic":"^1.0.0","@types/glob":"^7.2.0","@types/glob-parent":"^5.1.1","@types/glob-to-regexp":"^0.4.1","@types/graceful-fs":"^4.1.5","@types/has":"^1.0.0","@types/has-symbols":"^1.0.0","@types/hosted-git-info":"^3.0.2","@types/html-escaper":"^3.0.0","@types/http-cache-semantics":"^4.0.1","@types/http-errors":"^1.8.1","@types/http-proxy":"^1.17.8","@types/humanize-ms":"^1.2.2","@types/icss-utils":"^5.1.0","@types/ignore-walk":"^4.0.0","@types/imurmurhash":"^0.1.1","@types/inherits":"^0.0.30","@types/ini":"^1.3.31","@types/inquirer":"^8.1.3","@types/ip":"^1.1.0","@types/is-arguments":"^1.0.0","@types/is-core-module":"^2.2.0","@types/is-date-object":"^1.0.2","@types/is-glob":"^4.0.2","@types/is-number":"^7.0.2","@types/is-regex":"^1.0.0","@types/isarray":"^2.0.0","@types/isexe":"^2.0.1","@types/istanbul-lib-coverage":"^2.0.4","@types/istanbul-lib-instrument":"^1.7.4","@types/istanbul-lib-report":"^3.0.0","@types/istanbul-lib-source-maps":"^4.0.1","@types/istanbul-reports":"^3.0.1","@types/js-yaml":"^4.0.5","@types/jsesc":"^3.0.1","@types/json-parse-better-errors":"^1.0.0","@types/jsonfile":"^6.0.1","@types/karma":"^6.3.2","@types/karma-chrome-launcher":"^3.1.1","@types/karma-coverage":"^2.0.1","@types/karma-jasmine":"^4.0.2","@types/karma-jasmine-html-reporter":"^1.7.0","@types/kind-of":"^6.0.0","@types/less":"^3.0.3","@types/loader-runner":"^2.2.4","@types/loader-utils":"^2.0.3","@types/lodash":"^4.14.178","@types/lodash.debounce":"^4.0.6","@types/lru-cache":"^5.1.1","@types/make-fetch-happen":"^9.0.1","@types/media-typer":"^1.1.1","@types/merge-descriptors":"^1.0.1","@types/merge-stream":"^1.1.2","@types/merge2":"^1.3.1","@types/methods":"^1.1.1","@types/micromatch":"^4.0.2","@types/mime":"^2.0.3","@types/mime-db":"^1.43.1","@types/mime-types":"^2.1.1","@types/mini-css-extract-plugin":"^2.4.0","@types/minimalistic-assert":"^1.0.1","@types/minimatch":"^3.0.5","@types/minimist":"^1.2.2","@types/minipass":"^3.1.1","@types/minizlib":"^2.1.3","@types/mkdirp":"^1.0.2","@types/ms":"^0.7.31","@types/multicast-dns":"^7.2.1","@types/mute-stream":"^0.0.1","@types/needle":"^2.5.2","@types/negotiator":"^0.6.1","@types/node":"^17.0.8","@types/node-forge":"^1.0.0","@types/nopt":"^3.0.29","@types/normalize-path":"^3.0.0","@types/notify":"^0.0.31","@types/npm-package-arg":"^6.1.1","@types/npm-packlist":"^1.1.2","@types/npm-registry-fetch":"^8.0.3","@types/npmlog":"^4.1.4","@types/num2fraction":"^1.2.0","@types/object-assign":"^4.0.30","@types/object-hash":"^2.2.1","@types/object-keys":"^1.0.1","@types/on-finished":"^2.3.1","@types/on-headers":"^1.0.0","@types/once":"^1.4.0","@types/os-tmpdir":"^1.0.0","@types/pacote":"^11.1.2","@types/pako":"^1.0.3","@types/parse-json":"^4.0.0","@types/parse-node-version":"^1.0.0","@types/parse5":"^6.0.3","@types/parse5-html-rewriting-stream":"^5.1.2","@types/parse5-htmlparser2-tree-adapter":"^6.0.1","@types/parse5-sax-parser":"^5.0.2","@types/parseurl":"^1.3.1","@types/path-is-absolute":"^1.0.0","@types/path-parse":"^1.0.19","@types/picomatch":"^2.3.0","@types/pify":"^5.0.1","@types/postcss-gap-properties":"^2.0.1","@types/postcss-import":"^14.0.0","@types/postcss-modules-extract-imports":"^3.0.2","@types/postcss-modules-local-by-default":"^4.0.0","@types/postcss-modules-scope":"^3.0.0","@types/postcss-modules-values":"^4.0.0","@types/postcss-preset-env":"^6.7.3","@types/promise-inflight":"^1.0.0","@types/promise-retry":"^1.1.3","@types/proxy-addr":"^2.0.0","@types/punycode":"^2.1.0","@types/qs":"^6.9.7","@types/randombytes":"^2.0.0","@types/range-parser":"^1.2.4","@types/read":"^0.0.29","@types/readable-stream":"^2.3.13","@types/regenerate":"^1.4.1","@types/regenerator-runtime":"^0.13.1","@types/request":"^2.48.8","@types/require-directory":"^2.1.2","@types/require-from-string":"^1.2.1","@types/requires-port":"^1.0.0","@types/resolve":"^1.20.1","@types/retry":"^0.12.1","@types/rimraf":"^3.0.2","@types/run-parallel":"^1.1.0","@types/safer-buffer":"^2.1.0","@types/sass":"^1.43.1","@types/sass-loader":"^8.0.3","@types/sax":"^1.2.4","@types/semver":"^7.3.9","@types/send":"^0.17.1","@types/serialize-javascript":"^5.0.2","@types/serve-index":"^1.9.1","@types/serve-static":"^1.13.10","@types/shebang-command":"^1.2.0","@types/signal-exit":"^3.0.1","@types/sockjs":"^0.3.33","@types/source-map-support":"^0.5.4","@types/spdy":"^3.4.5","@types/sprintf":"^0.1.0","@types/sprintf-js":"^1.1.2","@types/ssri":"^7.1.1","@types/statuses":"^2.0.0","@types/strip-final-newline":"^3.0.0","@types/stylus":"^0.48.36","@types/supports-color":"^8.1.1","@types/tailwindcss":"^3.0.2","@types/tar":"^6.1.1","@types/text-table":"^0.2.2","@types/through":"^0.0.30","@types/thunky":"^1.1.0","@types/tmp":"^0.2.3","@types/to-regex-range":"^5.0.0","@types/type-is":"^1.6.3","@types/ua-parser-js":"^0.7.36","@types/uniq":"^0.0.27","@types/universalify":"^1.0.0","@types/util-deprecate":"^1.0.0","@types/utils-merge":"^0.0.28","@types/uuid":"^8.3.4","@types/validate-npm-package-name":"^3.0.3","@types/vary":"^1.1.0","@types/void-elements":"^3.1.0","@types/watchpack":"^1.1.7","@types/wcwidth":"^1.0.0","@types/webpack-sources":"^3.2.0","@types/which":"^2.0.1","@types/wrap-ansi":"^8.0.1","@types/ws":"^8.2.2","@types/xtend":"^4.0.4","@types/yallist":"^4.0.1","@types/yargs":"^17.0.8","@types/yargs-parser":"^20.2.1"}}
[08:41:20.799] Loaded content of '/home/krypt0/.cache/typescript/4.5/package-lock.json'
[08:41:20.809] Adding entry into typings cache: 'abbrev' => '/home/krypt0/.cache/typescript/4.5/node_modules/@types/abbrev/index.d.ts'
[08:41:20.812] Adding entry into typings cache: 'accepts' => '/home/krypt0/.cache/typescript/4.5/node_modules/@types/accepts/index.d.ts'
[08:41:20.813] Adding entry into typings cache: 'are-we-there-yet' => '/home/krypt0/.cache/typescript/4.5/node_modules/@types/are-we-there-yet/index.d.ts'
[08:41:20.814] Adding entry into typings cache: 'argparse' => '/home/krypt0/.cache/typescript/4.5/node_modules/@types/argparse/index.d.ts'
[08:41:20.816] Adding entry into typings cache: 'async' => '/home/krypt0/.cache/typescript/4.5/node_modules/@types/async/index.d.ts'
[08:41:20.820] Adding entry into typings cache: 'atob' => '/home/krypt0/.cache/typescript/4.5/node_modules/@types/atob/index.d.ts'
[08:41:20.823] Adding entry into typings cache: 'balanced-match' => '/home/krypt0/.cache/typescript/4.5/node_modules/@types/balanced-match/index.d.ts'
[08:41:20.825] Adding entry into typings cache: 'base64id' => '/home/krypt0/.cache/typescript/4.5/node_modules/@types/base64id/index.d.ts'
[08:41:20.827] Adding entry into typings cache: 'big.js' => '/home/krypt0/.cache/typescript/4.5/node_modules/@types/big.js/index.d.ts'
[08:41:20.830] Adding entry into typings cache: 'bl' => '/home/krypt0/.cache/typescript/4.5/node_modules/@types/bl/index.d.ts'
[08:41:20.834] Adding entry into typings cache: 'body-parser' => '/home/krypt0/.cache/typescript/4.5/node_modules/@types/body-parser/index.d.ts'
[08:41:20.837] Adding entry into typings cache: 'bonjour' => '/home/krypt0/.cache/typescript/4.5/node_modules/@types/bonjour/index.d.ts'
[08:41:20.840] Adding entry into typings cache: 'boolbase' => '/home/krypt0/.cache/typescript/4.5/node_modules/@types/boolbase/index.d.ts'
[08:41:20.842] Adding entry into typings cache: 'brace-expansion' => '/home/krypt0/.cache/typescript/4.5/node_modules/@types/brace-expansion/index.d.ts'
[08:41:20.852] Adding entry into typings cache: 'braces' => '/home/krypt0/.cache/typescript/4.5/node_modules/@types/braces/index.d.ts'
[08:41:20.856] Adding entry into typings cache: 'buffer-from' => '/home/krypt0/.cache/typescript/4.5/node_modules/@types/buffer-from/index.d.ts'
[08:41:20.859] Adding entry into typings cache: 'bytes' => '/home/krypt0/.cache/typescript/4.5/node_modules/@types/bytes/index.d.ts'
[08:41:20.861] Adding entry into typings cache: 'cacache' => '/home/krypt0/.cache/typescript/4.5/node_modules/@types/cacache/index.d.ts'
[08:41:20.863] Adding entry into typings cache: 'call-bind' => '/home/krypt0/.cache/typescript/4.5/node_modules/@types/call-bind/index.d.ts'
[08:41:20.865] Adding entry into typings cache: 'camelcase-css' => '/home/krypt0/.cache/typescript/4.5/node_modules/@types/camelcase-css/index.d.ts'
[08:41:20.868] Adding entry into typings cache: 'caniuse-lite' => '/home/krypt0/.cache/typescript/4.5/node_modules/@types/caniuse-lite/index.d.ts'
[08:41:20.870] Adding entry into typings cache: 'chardet' => '/home/krypt0/.cache/typescript/4.5/node_modules/@types/chardet/index.d.ts'
[08:41:20.872] Adding entry into typings cache: 'chownr' => '/home/krypt0/.cache/typescript/4.5/node_modules/@types/chownr/index.d.ts'
[08:41:20.874] Adding entry into typings cache: 'circular-dependency-plugin' => '/home/krypt0/.cache/typescript/4.5/node_modules/@types/circular-dependency-plugin/index.d.ts'
[08:41:20.876] Adding entry into typings cache: 'cli-spinners' => '/home/krypt0/.cache/typescript/4.5/node_modules/@types/cli-spinners/index.d.ts'
[08:41:20.878] Adding entry into typings cache: 'clone' => '/home/krypt0/.cache/typescript/4.5/node_modules/@types/clone/index.d.ts'
[08:41:20.880] Adding entry into typings cache: 'clone-deep' => '/home/krypt0/.cache/typescript/4.5/node_modules/@types/clone-deep/index.d.ts'
[08:41:20.883] Adding entry into typings cache: 'color-convert' => '/home/krypt0/.cache/typescript/4.5/node_modules/@types/color-convert/index.d.ts'
[08:41:20.886] Adding entry into typings cache: 'color-name' => '/home/krypt0/.cache/typescript/4.5/node_modules/@types/color-name/index.d.ts'
[08:41:20.890] Adding entry into typings cache: 'color-support' => '/home/krypt0/.cache/typescript/4.5/node_modules/@types/color-support/index.d.ts'
[08:41:20.892] Adding entry into typings cache: 'commondir' => '/home/krypt0/.cache/typescript/4.5/node_modules/@types/commondir/index.d.ts'
[08:41:20.895] Adding entry into typings cache: 'component-emitter' => '/home/krypt0/.cache/typescript/4.5/node_modules/@types/component-emitter/index.d.ts'
[08:41:20.896] Adding entry into typings cache: 'compressible' => '/home/krypt0/.cache/typescript/4.5/node_modules/@types/compressible/index.d.ts'
[08:41:20.897] Adding entry into typings cache: 'compression' => '/home/krypt0/.cache/typescript/4.5/node_modules/@types/compression/index.d.ts'
[08:41:20.898] Adding entry into typings cache: 'concat-map' => '/home/krypt0/.cache/typescript/4.5/node_modules/@types/concat-map/index.d.ts'
[08:41:20.899] Adding entry into typings cache: 'connect' => '/home/krypt0/.cache/typescript/4.5/node_modules/@types/connect/index.d.ts'
[08:41:20.900] Adding entry into typings cache: 'connect-history-api-fallback' => '/home/krypt0/.cache/typescript/4.5/node_modules/@types/connect-history-api-fallback/index.d.ts'
[08:41:20.901] Adding entry into typings cache: 'content-disposition' => '/home/krypt0/.cache/typescript/4.5/node_modules/@types/content-disposition/index.d.ts'
[08:41:20.902] Adding entry into typings cache: 'content-type' => '/home/krypt0/.cache/typescript/4.5/node_modules/@types/content-type/index.d.ts'
[08:41:20.903] Adding entry into typings cache: 'convert-source-map' => '/home/krypt0/.cache/typescript/4.5/node_modules/@types/convert-source-map/index.d.ts'
[08:41:20.905] Adding entry into typings cache: 'cookie' => '/home/krypt0/.cache/typescript/4.5/node_modules/@types/cookie/index.d.ts'
[08:41:20.906] Adding entry into typings cache: 'cookie-signature' => '/home/krypt0/.cache/typescript/4.5/node_modules/@types/cookie-signature/index.d.ts'
[08:41:20.908] Adding entry into typings cache: 'core-js' => '/home/krypt0/.cache/typescript/4.5/node_modules/@types/core-js/index.d.ts'
[08:41:20.909] Adding entry into typings cache: 'cors' => '/home/krypt0/.cache/typescript/4.5/node_modules/@types/cors/index.d.ts'
[08:41:20.910] Adding entry into typings cache: 'cross-spawn' => '/home/krypt0/.cache/typescript/4.5/node_modules/@types/cross-spawn/index.d.ts'
[08:41:20.912] Adding entry into typings cache: 'css' => '/home/krypt0/.cache/typescript/4.5/node_modules/@types/css/index.d.ts'
[08:41:20.913] Adding entry into typings cache: 'cssesc' => '/home/krypt0/.cache/typescript/4.5/node_modules/@types/cssesc/index.d.ts'
[08:41:20.916] Adding entry into typings cache: 'debug' => '/home/krypt0/.cache/typescript/4.5/node_modules/@types/debug/index.d.ts'
[08:41:20.920] Adding entry into typings cache: 'decode-uri-component' => '/home/krypt0/.cache/typescript/4.5/node_modules/@types/decode-uri-component/index.d.ts'
[08:41:20.924] Adding entry into typings cache: 'deep-equal' => '/home/krypt0/.cache/typescript/4.5/node_modules/@types/deep-equal/index.d.ts'
[08:41:20.928] Adding entry into typings cache: 'default-gateway' => '/home/krypt0/.cache/typescript/4.5/node_modules/@types/default-gateway/index.d.ts'
[08:41:20.931] Adding entry into typings cache: 'defaults' => '/home/krypt0/.cache/typescript/4.5/node_modules/@types/defaults/index.d.ts'
[08:41:20.933] Adding entry into typings cache: 'define-properties' => '/home/krypt0/.cache/typescript/4.5/node_modules/@types/define-properties/index.d.ts'
[08:41:20.935] Adding entry into typings cache: 'defined' => '/home/krypt0/.cache/typescript/4.5/node_modules/@types/defined/index.d.ts'
[08:41:20.937] Adding entry into typings cache: 'delegates' => '/home/krypt0/.cache/typescript/4.5/node_modules/@types/delegates/index.d.ts'
[08:41:20.938] Adding entry into typings cache: 'depd' => '/home/krypt0/.cache/typescript/4.5/node_modules/@types/depd/index.d.ts'
[08:41:20.939] Adding entry into typings cache: 'destroy' => '/home/krypt0/.cache/typescript/4.5/node_modules/@types/destroy/index.d.ts'
[08:41:20.940] Adding entry into typings cache: 'detect-node' => '/home/krypt0/.cache/typescript/4.5/node_modules/@types/detect-node/index.d.ts'
[08:41:20.943] Adding entry into typings cache: 'detective' => '/home/krypt0/.cache/typescript/4.5/node_modules/@types/detective/index.d.ts'
[08:41:20.945] Adding entry into typings cache: 'di' => '/home/krypt0/.cache/typescript/4.5/node_modules/@types/di/index.d.ts'
[08:41:20.949] Adding entry into typings cache: 'didyoumean' => '/home/krypt0/.cache/typescript/4.5/node_modules/@types/didyoumean/index.d.ts'
[08:41:20.953] Adding entry into typings cache: 'dir-glob' => '/home/krypt0/.cache/typescript/4.5/node_modules/@types/dir-glob/index.d.ts'
[08:41:20.954] Adding entry into typings cache: 'dlv' => '/home/krypt0/.cache/typescript/4.5/node_modules/@types/dlv/index.d.ts'
[08:41:20.955] Adding entry into typings cache: 'dns-packet' => '/home/krypt0/.cache/typescript/4.5/node_modules/@types/dns-packet/index.d.ts'
[08:41:20.957] Adding entry into typings cache: 'ee-first' => '/home/krypt0/.cache/typescript/4.5/node_modules/@types/ee-first/index.d.ts'
[08:41:20.958] Adding entry into typings cache: 'encodeurl' => '/home/krypt0/.cache/typescript/4.5/node_modules/@types/encodeurl/index.d.ts'
[08:41:20.960] Adding entry into typings cache: 'ent' => '/home/krypt0/.cache/typescript/4.5/node_modules/@types/ent/index.d.ts'
[08:41:20.963] Adding entry into typings cache: 'escape-html' => '/home/krypt0/.cache/typescript/4.5/node_modules/@types/escape-html/index.d.ts'
[08:41:20.967] Adding entry into typings cache: 'eslint-scope' => '/home/krypt0/.cache/typescript/4.5/node_modules/@types/eslint-scope/index.d.ts'
[08:41:20.970] Adding entry into typings cache: 'esprima' => '/home/krypt0/.cache/typescript/4.5/node_modules/@types/esprima/index.d.ts'
[08:41:20.972] Adding entry into typings cache: 'estraverse' => '/home/krypt0/.cache/typescript/4.5/node_modules/@types/estraverse/index.d.ts'
[08:41:20.973] Adding entry into typings cache: 'esutils' => '/home/krypt0/.cache/typescript/4.5/node_modules/@types/esutils/index.d.ts'
[08:41:20.974] Adding entry into typings cache: 'etag' => '/home/krypt0/.cache/typescript/4.5/node_modules/@types/etag/index.d.ts'
[08:41:20.983] Adding entry into typings cache: 'events' => '/home/krypt0/.cache/typescript/4.5/node_modules/@types/events/index.d.ts'
[08:41:20.985] Adding entry into typings cache: 'express' => '/home/krypt0/.cache/typescript/4.5/node_modules/@types/express/index.d.ts'
[08:41:20.986] Adding entry into typings cache: 'extend' => '/home/krypt0/.cache/typescript/4.5/node_modules/@types/extend/index.d.ts'
[08:41:20.989] Adding entry into typings cache: 'fill-range' => '/home/krypt0/.cache/typescript/4.5/node_modules/@types/fill-range/index.d.ts'
[08:41:20.990] Adding entry into typings cache: 'finalhandler' => '/home/krypt0/.cache/typescript/4.5/node_modules/@types/finalhandler/index.d.ts'
[08:41:20.992] Adding entry into typings cache: 'find-cache-dir' => '/home/krypt0/.cache/typescript/4.5/node_modules/@types/find-cache-dir/index.d.ts'
[08:41:20.993] Adding entry into typings cache: 'follow-redirects' => '/home/krypt0/.cache/typescript/4.5/node_modules/@types/follow-redirects/index.d.ts'
[08:41:20.994] Adding entry into typings cache: 'forwarded' => '/home/krypt0/.cache/typescript/4.5/node_modules/@types/forwarded/index.d.ts'
[08:41:20.997] Adding entry into typings cache: 'fresh' => '/home/krypt0/.cache/typescript/4.5/node_modules/@types/fresh/index.d.ts'
[08:41:21.001] Adding entry into typings cache: 'fs-extra' => '/home/krypt0/.cache/typescript/4.5/node_modules/@types/fs-extra/index.d.ts'
[08:41:21.003] Adding entry into typings cache: 'function-bind' => '/home/krypt0/.cache/typescript/4.5/node_modules/@types/function-bind/index.d.ts'
[08:41:21.003] Adding entry into typings cache: 'get-intrinsic' => '/home/krypt0/.cache/typescript/4.5/node_modules/@types/get-intrinsic/index.d.ts'
[08:41:21.005] Adding entry into typings cache: 'glob' => '/home/krypt0/.cache/typescript/4.5/node_modules/@types/glob/index.d.ts'
[08:41:21.007] Adding entry into typings cache: 'glob-parent' => '/home/krypt0/.cache/typescript/4.5/node_modules/@types/glob-parent/index.d.ts'
[08:41:21.008] Adding entry into typings cache: 'glob-to-regexp' => '/home/krypt0/.cache/typescript/4.5/node_modules/@types/glob-to-regexp/index.d.ts'
[08:41:21.010] Adding entry into typings cache: 'graceful-fs' => '/home/krypt0/.cache/typescript/4.5/node_modules/@types/graceful-fs/index.d.ts'
[08:41:21.012] Adding entry into typings cache: 'has' => '/home/krypt0/.cache/typescript/4.5/node_modules/@types/has/index.d.ts'
[08:41:21.014] Adding entry into typings cache: 'has-symbols' => '/home/krypt0/.cache/typescript/4.5/node_modules/@types/has-symbols/index.d.ts'
[08:41:21.016] Adding entry into typings cache: 'hosted-git-info' => '/home/krypt0/.cache/typescript/4.5/node_modules/@types/hosted-git-info/index.d.ts'
[08:41:21.018] Adding entry into typings cache: 'html-escaper' => '/home/krypt0/.cache/typescript/4.5/node_modules/@types/html-escaper/index.d.ts'
[08:41:21.019] Adding entry into typings cache: 'http-cache-semantics' => '/home/krypt0/.cache/typescript/4.5/node_modules/@types/http-cache-semantics/index.d.ts'
[08:41:21.020] Adding entry into typings cache: 'http-errors' => '/home/krypt0/.cache/typescript/4.5/node_modules/@types/http-errors/index.d.ts'
[08:41:21.022] Adding entry into typings cache: 'http-proxy' => '/home/krypt0/.cache/typescript/4.5/node_modules/@types/http-proxy/index.d.ts'
[08:41:21.023] Adding entry into typings cache: 'humanize-ms' => '/home/krypt0/.cache/typescript/4.5/node_modules/@types/humanize-ms/index.d.ts'
[08:41:21.023] Adding entry into typings cache: 'icss-utils' => '/home/krypt0/.cache/typescript/4.5/node_modules/@types/icss-utils/index.d.ts'
[08:41:21.024] Adding entry into typings cache: 'ignore-walk' => '/home/krypt0/.cache/typescript/4.5/node_modules/@types/ignore-walk/index.d.ts'
[08:41:21.024] Adding entry into typings cache: 'imurmurhash' => '/home/krypt0/.cache/typescript/4.5/node_modules/@types/imurmurhash/index.d.ts'
[08:41:21.026] Adding entry into typings cache: 'inherits' => '/home/krypt0/.cache/typescript/4.5/node_modules/@types/inherits/index.d.ts'
[08:41:21.026] Adding entry into typings cache: 'ini' => '/home/krypt0/.cache/typescript/4.5/node_modules/@types/ini/index.d.ts'
[08:41:21.027] Adding entry into typings cache: 'inquirer' => '/home/krypt0/.cache/typescript/4.5/node_modules/@types/inquirer/index.d.ts'
[08:41:21.028] Adding entry into typings cache: 'ip' => '/home/krypt0/.cache/typescript/4.5/node_modules/@types/ip/index.d.ts'
[08:41:21.029] Adding entry into typings cache: 'is-arguments' => '/home/krypt0/.cache/typescript/4.5/node_modules/@types/is-arguments/index.d.ts'
[08:41:21.030] Adding entry into typings cache: 'is-core-module' => '/home/krypt0/.cache/typescript/4.5/node_modules/@types/is-core-module/index.d.ts'
[08:41:21.031] Adding entry into typings cache: 'is-date-object' => '/home/krypt0/.cache/typescript/4.5/node_modules/@types/is-date-object/index.d.ts'
[08:41:21.036] Adding entry into typings cache: 'is-glob' => '/home/krypt0/.cache/typescript/4.5/node_modules/@types/is-glob/index.d.ts'
[08:41:21.039] Adding entry into typings cache: 'is-number' => '/home/krypt0/.cache/typescript/4.5/node_modules/@types/is-number/index.d.ts'
[08:41:21.039] Adding entry into typings cache: 'is-regex' => '/home/krypt0/.cache/typescript/4.5/node_modules/@types/is-regex/index.d.ts'
[08:41:21.040] Adding entry into typings cache: 'isarray' => '/home/krypt0/.cache/typescript/4.5/node_modules/@types/isarray/index.d.ts'
[08:41:21.041] Adding entry into typings cache: 'isexe' => '/home/krypt0/.cache/typescript/4.5/node_modules/@types/isexe/index.d.ts'
[08:41:21.041] Adding entry into typings cache: 'istanbul-lib-coverage' => '/home/krypt0/.cache/typescript/4.5/node_modules/@types/istanbul-lib-coverage/index.d.ts'
[08:41:21.042] Adding entry into typings cache: 'istanbul-lib-instrument' => '/home/krypt0/.cache/typescript/4.5/node_modules/@types/istanbul-lib-instrument/index.d.ts'
[08:41:21.043] Adding entry into typings cache: 'istanbul-lib-report' => '/home/krypt0/.cache/typescript/4.5/node_modules/@types/istanbul-lib-report/index.d.ts'
[08:41:21.044] Adding entry into typings cache: 'istanbul-lib-source-maps' => '/home/krypt0/.cache/typescript/4.5/node_modules/@types/istanbul-lib-source-maps/index.d.ts'
[08:41:21.045] Adding entry into typings cache: 'istanbul-reports' => '/home/krypt0/.cache/typescript/4.5/node_modules/@types/istanbul-reports/index.d.ts'
[08:41:21.054] Adding entry into typings cache: 'js-yaml' => '/home/krypt0/.cache/typescript/4.5/node_modules/@types/js-yaml/index.d.ts'
[08:41:21.057] Adding entry into typings cache: 'jsesc' => '/home/krypt0/.cache/typescript/4.5/node_modules/@types/jsesc/index.d.ts'
[08:41:21.063] Adding entry into typings cache: 'json-parse-better-errors' => '/home/krypt0/.cache/typescript/4.5/node_modules/@types/json-parse-better-errors/index.d.ts'
[08:41:21.066] Adding entry into typings cache: 'jsonfile' => '/home/krypt0/.cache/typescript/4.5/node_modules/@types/jsonfile/index.d.ts'
[08:41:21.066] Adding entry into typings cache: 'karma' => '/home/krypt0/.cache/typescript/4.5/node_modules/@types/karma/index.d.ts'
[08:41:21.067] Adding entry into typings cache: 'karma-chrome-launcher' => '/home/krypt0/.cache/typescript/4.5/node_modules/@types/karma-chrome-launcher/index.d.ts'
[08:41:21.069] Adding entry into typings cache: 'karma-coverage' => '/home/krypt0/.cache/typescript/4.5/node_modules/@types/karma-coverage/index.d.ts'
[08:41:21.070] Adding entry into typings cache: 'karma-jasmine' => '/home/krypt0/.cache/typescript/4.5/node_modules/@types/karma-jasmine/index.d.ts'
[08:41:21.071] Adding entry into typings cache: 'karma-jasmine-html-reporter' => '/home/krypt0/.cache/typescript/4.5/node_modules/@types/karma-jasmine-html-reporter/index.d.ts'
[08:41:21.076] Adding entry into typings cache: 'kind-of' => '/home/krypt0/.cache/typescript/4.5/node_modules/@types/kind-of/index.d.ts'
[08:41:21.079] Adding entry into typings cache: 'less' => '/home/krypt0/.cache/typescript/4.5/node_modules/@types/less/index.d.ts'
[08:41:21.081] Adding entry into typings cache: 'loader-runner' => '/home/krypt0/.cache/typescript/4.5/node_modules/@types/loader-runner/index.d.ts'
[08:41:21.082] Adding entry into typings cache: 'loader-utils' => '/home/krypt0/.cache/typescript/4.5/node_modules/@types/loader-utils/index.d.ts'
[08:41:21.083] Adding entry into typings cache: 'lodash' => '/home/krypt0/.cache/typescript/4.5/node_modules/@types/lodash/index.d.ts'
[08:41:21.083] Adding entry into typings cache: 'lodash.debounce' => '/home/krypt0/.cache/typescript/4.5/node_modules/@types/lodash.debounce/index.d.ts'
[08:41:21.084] Adding entry into typings cache: 'lru-cache' => '/home/krypt0/.cache/typescript/4.5/node_modules/@types/lru-cache/index.d.ts'
[08:41:21.084] Adding entry into typings cache: 'make-fetch-happen' => '/home/krypt0/.cache/typescript/4.5/node_modules/@types/make-fetch-happen/index.d.ts'
[08:41:21.085] Adding entry into typings cache: 'media-typer' => '/home/krypt0/.cache/typescript/4.5/node_modules/@types/media-typer/index.d.ts'
[08:41:21.086] Adding entry into typings cache: 'merge-descriptors' => '/home/krypt0/.cache/typescript/4.5/node_modules/@types/merge-descriptors/index.d.ts'
[08:41:21.087] Adding entry into typings cache: 'merge-stream' => '/home/krypt0/.cache/typescript/4.5/node_modules/@types/merge-stream/index.d.ts'
[08:41:21.087] Adding entry into typings cache: 'merge2' => '/home/krypt0/.cache/typescript/4.5/node_modules/@types/merge2/index.d.ts'
[08:41:21.088] Adding entry into typings cache: 'methods' => '/home/krypt0/.cache/typescript/4.5/node_modules/@types/methods/index.d.ts'
[08:41:21.097] Adding entry into typings cache: 'micromatch' => '/home/krypt0/.cache/typescript/4.5/node_modules/@types/micromatch/index.d.ts'
[08:41:21.098] Adding entry into typings cache: 'mime' => '/home/krypt0/.cache/typescript/4.5/node_modules/@types/mime/index.d.ts'
[08:41:21.101] Adding entry into typings cache: 'mime-db' => '/home/krypt0/.cache/typescript/4.5/node_modules/@types/mime-db/index.d.ts'
[08:41:21.103] Adding entry into typings cache: 'mime-types' => '/home/krypt0/.cache/typescript/4.5/node_modules/@types/mime-types/index.d.ts'
[08:41:21.104] Adding entry into typings cache: 'mini-css-extract-plugin' => '/home/krypt0/.cache/typescript/4.5/node_modules/@types/mini-css-extract-plugin/index.d.ts'
[08:41:21.105] Adding entry into typings cache: 'minimalistic-assert' => '/home/krypt0/.cache/typescript/4.5/node_modules/@types/minimalistic-assert/index.d.ts'
[08:41:21.106] Adding entry into typings cache: 'minimatch' => '/home/krypt0/.cache/typescript/4.5/node_modules/@types/minimatch/index.d.ts'
[08:41:21.106] Adding entry into typings cache: 'minimist' => '/home/krypt0/.cache/typescript/4.5/node_modules/@types/minimist/index.d.ts'
[08:41:21.107] Adding entry into typings cache: 'minipass' => '/home/krypt0/.cache/typescript/4.5/node_modules/@types/minipass/index.d.ts'
[08:41:21.110] Adding entry into typings cache: 'minizlib' => '/home/krypt0/.cache/typescript/4.5/node_modules/@types/minizlib/index.d.ts'
[08:41:21.112] Adding entry into typings cache: 'mkdirp' => '/home/krypt0/.cache/typescript/4.5/node_modules/@types/mkdirp/index.d.ts'
[08:41:21.117] Adding entry into typings cache: 'ms' => '/home/krypt0/.cache/typescript/4.5/node_modules/@types/ms/index.d.ts'
[08:41:21.120] Adding entry into typings cache: 'multicast-dns' => '/home/krypt0/.cache/typescript/4.5/node_modules/@types/multicast-dns/index.d.ts'
[08:41:21.123] Adding entry into typings cache: 'mute-stream' => '/home/krypt0/.cache/typescript/4.5/node_modules/@types/mute-stream/index.d.ts'
[08:41:21.124] Adding entry into typings cache: 'needle' => '/home/krypt0/.cache/typescript/4.5/node_modules/@types/needle/index.d.ts'
[08:41:21.125] Adding entry into typings cache: 'negotiator' => '/home/krypt0/.cache/typescript/4.5/node_modules/@types/negotiator/index.d.ts'
[08:41:21.126] Adding entry into typings cache: 'node' => '/home/krypt0/.cache/typescript/4.5/node_modules/@types/node/index.d.ts'
[08:41:21.127] Adding entry into typings cache: 'node-forge' => '/home/krypt0/.cache/typescript/4.5/node_modules/@types/node-forge/index.d.ts'
[08:41:21.129] Adding entry into typings cache: 'nopt' => '/home/krypt0/.cache/typescript/4.5/node_modules/@types/nopt/index.d.ts'
[08:41:21.131] Adding entry into typings cache: 'normalize-path' => '/home/krypt0/.cache/typescript/4.5/node_modules/@types/normalize-path/index.d.ts'
[08:41:21.133] Adding entry into typings cache: 'notify' => '/home/krypt0/.cache/typescript/4.5/node_modules/@types/notify/index.d.ts'
[08:41:21.135] Adding entry into typings cache: 'npm-package-arg' => '/home/krypt0/.cache/typescript/4.5/node_modules/@types/npm-package-arg/index.d.ts'
[08:41:21.137] Adding entry into typings cache: 'npm-packlist' => '/home/krypt0/.cache/typescript/4.5/node_modules/@types/npm-packlist/index.d.ts'
[08:41:21.139] Adding entry into typings cache: 'npm-registry-fetch' => '/home/krypt0/.cache/typescript/4.5/node_modules/@types/npm-registry-fetch/index.d.ts'
[08:41:21.143] Adding entry into typings cache: 'npmlog' => '/home/krypt0/.cache/typescript/4.5/node_modules/@types/npmlog/index.d.ts'
[08:41:21.145] Adding entry into typings cache: 'num2fraction' => '/home/krypt0/.cache/typescript/4.5/node_modules/@types/num2fraction/index.d.ts'
[08:41:21.145] Adding entry into typings cache: 'object-assign' => '/home/krypt0/.cache/typescript/4.5/node_modules/@types/object-assign/index.d.ts'
[08:41:21.146] Adding entry into typings cache: 'object-hash' => '/home/krypt0/.cache/typescript/4.5/node_modules/@types/object-hash/index.d.ts'
[08:41:21.147] Adding entry into typings cache: 'object-keys' => '/home/krypt0/.cache/typescript/4.5/node_modules/@types/object-keys/index.d.ts'
[08:41:21.147] Adding entry into typings cache: 'on-finished' => '/home/krypt0/.cache/typescript/4.5/node_modules/@types/on-finished/index.d.ts'
[08:41:21.147] Adding entry into typings cache: 'on-headers' => '/home/krypt0/.cache/typescript/4.5/node_modules/@types/on-headers/index.d.ts'
[08:41:21.148] Adding entry into typings cache: 'once' => '/home/krypt0/.cache/typescript/4.5/node_modules/@types/once/index.d.ts'
[08:41:21.148] Adding entry into typings cache: 'os-tmpdir' => '/home/krypt0/.cache/typescript/4.5/node_modules/@types/os-tmpdir/index.d.ts'
[08:41:21.149] Adding entry into typings cache: 'pacote' => '/home/krypt0/.cache/typescript/4.5/node_modules/@types/pacote/index.d.ts'
[08:41:21.150] Adding entry into typings cache: 'pako' => '/home/krypt0/.cache/typescript/4.5/node_modules/@types/pako/index.d.ts'
[08:41:21.153] Adding entry into typings cache: 'parse-json' => '/home/krypt0/.cache/typescript/4.5/node_modules/@types/parse-json/index.d.ts'
[08:41:21.155] Adding entry into typings cache: 'parse-node-version' => '/home/krypt0/.cache/typescript/4.5/node_modules/@types/parse-node-version/index.d.ts'
[08:41:21.156] Adding entry into typings cache: 'parse5' => '/home/krypt0/.cache/typescript/4.5/node_modules/@types/parse5/index.d.ts'
[08:41:21.158] Adding entry into typings cache: 'parse5-html-rewriting-stream' => '/home/krypt0/.cache/typescript/4.5/node_modules/@types/parse5-html-rewriting-stream/index.d.ts'
[08:41:21.159] Adding entry into typings cache: 'parse5-htmlparser2-tree-adapter' => '/home/krypt0/.cache/typescript/4.5/node_modules/@types/parse5-htmlparser2-tree-adapter/index.d.ts'
[08:41:21.160] Adding entry into typings cache: 'parse5-sax-parser' => '/home/krypt0/.cache/typescript/4.5/node_modules/@types/parse5-sax-parser/index.d.ts'
[08:41:21.161] Adding entry into typings cache: 'parseurl' => '/home/krypt0/.cache/typescript/4.5/node_modules/@types/parseurl/index.d.ts'
[08:41:21.162] Adding entry into typings cache: 'path-is-absolute' => '/home/krypt0/.cache/typescript/4.5/node_modules/@types/path-is-absolute/index.d.ts'
[08:41:21.163] Adding entry into typings cache: 'path-parse' => '/home/krypt0/.cache/typescript/4.5/node_modules/@types/path-parse/index.d.ts'
[08:41:21.167] Adding entry into typings cache: 'picomatch' => '/home/krypt0/.cache/typescript/4.5/node_modules/@types/picomatch/index.d.ts'
[08:41:21.168] Adding entry into typings cache: 'pify' => '/home/krypt0/.cache/typescript/4.5/node_modules/@types/pify/index.d.ts'
[08:41:21.169] Adding entry into typings cache: 'postcss-gap-properties' => '/home/krypt0/.cache/typescript/4.5/node_modules/@types/postcss-gap-properties/index.d.ts'
[08:41:21.172] Adding entry into typings cache: 'postcss-import' => '/home/krypt0/.cache/typescript/4.5/node_modules/@types/postcss-import/index.d.ts'
[08:41:21.176] Adding entry into typings cache: 'postcss-modules-extract-imports' => '/home/krypt0/.cache/typescript/4.5/node_modules/@types/postcss-modules-extract-imports/index.d.ts'
[08:41:21.178] Adding entry into typings cache: 'postcss-modules-local-by-default' => '/home/krypt0/.cache/typescript/4.5/node_modules/@types/postcss-modules-local-by-default/index.d.ts'
[08:41:21.179] Adding entry into typings cache: 'postcss-modules-scope' => '/home/krypt0/.cache/typescript/4.5/node_modules/@types/postcss-modules-scope/index.d.ts'
[08:41:21.180] Adding entry into typings cache: 'postcss-modules-values' => '/home/krypt0/.cache/typescript/4.5/node_modules/@types/postcss-modules-values/index.d.ts'
[08:41:21.181] Adding entry into typings cache: 'postcss-preset-env' => '/home/krypt0/.cache/typescript/4.5/node_modules/@types/postcss-preset-env/index.d.ts'
[08:41:21.182] Adding entry into typings cache: 'promise-inflight' => '/home/krypt0/.cache/typescript/4.5/node_modules/@types/promise-inflight/index.d.ts'
[08:41:21.183] Adding entry into typings cache: 'promise-retry' => '/home/krypt0/.cache/typescript/4.5/node_modules/@types/promise-retry/index.d.ts'
[08:41:21.184] Adding entry into typings cache: 'proxy-addr' => '/home/krypt0/.cache/typescript/4.5/node_modules/@types/proxy-addr/index.d.ts'
[08:41:21.187] Adding entry into typings cache: 'punycode' => '/home/krypt0/.cache/typescript/4.5/node_modules/@types/punycode/index.d.ts'
[08:41:21.191] Adding entry into typings cache: 'qs' => '/home/krypt0/.cache/typescript/4.5/node_modules/@types/qs/index.d.ts'
[08:41:21.196] Adding entry into typings cache: 'randombytes' => '/home/krypt0/.cache/typescript/4.5/node_modules/@types/randombytes/index.d.ts'
[08:41:21.197] Adding entry into typings cache: 'range-parser' => '/home/krypt0/.cache/typescript/4.5/node_modules/@types/range-parser/index.d.ts'
[08:41:21.198] Adding entry into typings cache: 'read' => '/home/krypt0/.cache/typescript/4.5/node_modules/@types/read/index.d.ts'
[08:41:21.200] Adding entry into typings cache: 'readable-stream' => '/home/krypt0/.cache/typescript/4.5/node_modules/@types/readable-stream/index.d.ts'
[08:41:21.201] Adding entry into typings cache: 'regenerate' => '/home/krypt0/.cache/typescript/4.5/node_modules/@types/regenerate/index.d.ts'
[08:41:21.201] Adding entry into typings cache: 'regenerator-runtime' => '/home/krypt0/.cache/typescript/4.5/node_modules/@types/regenerator-runtime/index.d.ts'
[08:41:21.203] Adding entry into typings cache: 'request' => '/home/krypt0/.cache/typescript/4.5/node_modules/@types/request/index.d.ts'
[08:41:21.204] Adding entry into typings cache: 'require-directory' => '/home/krypt0/.cache/typescript/4.5/node_modules/@types/require-directory/index.d.ts'
[08:41:21.204] Adding entry into typings cache: 'require-from-string' => '/home/krypt0/.cache/typescript/4.5/node_modules/@types/require-from-string/index.d.ts'
[08:41:21.205] Adding entry into typings cache: 'requires-port' => '/home/krypt0/.cache/typescript/4.5/node_modules/@types/requires-port/index.d.ts'
[08:41:21.206] Adding entry into typings cache: 'resolve' => '/home/krypt0/.cache/typescript/4.5/node_modules/@types/resolve/index.d.ts'
[08:41:21.206] Adding entry into typings cache: 'retry' => '/home/krypt0/.cache/typescript/4.5/node_modules/@types/retry/index.d.ts'
[08:41:21.207] Adding entry into typings cache: 'rimraf' => '/home/krypt0/.cache/typescript/4.5/node_modules/@types/rimraf/index.d.ts'
[08:41:21.207] Adding entry into typings cache: 'run-parallel' => '/home/krypt0/.cache/typescript/4.5/node_modules/@types/run-parallel/index.d.ts'
[08:41:21.208] Adding entry into typings cache: 'safer-buffer' => '/home/krypt0/.cache/typescript/4.5/node_modules/@types/safer-buffer/index.d.ts'
[08:41:21.209] Adding entry into typings cache: 'sass' => '/home/krypt0/.cache/typescript/4.5/node_modules/@types/sass/index.d.ts'
[08:41:21.210] Adding entry into typings cache: 'sass-loader' => '/home/krypt0/.cache/typescript/4.5/node_modules/@types/sass-loader/index.d.ts'
[08:41:21.210] Adding entry into typings cache: 'sax' => '/home/krypt0/.cache/typescript/4.5/node_modules/@types/sax/index.d.ts'
[08:41:21.211] Adding entry into typings cache: 'semver' => '/home/krypt0/.cache/typescript/4.5/node_modules/@types/semver/index.d.ts'
[08:41:21.212] Adding entry into typings cache: 'send' => '/home/krypt0/.cache/typescript/4.5/node_modules/@types/send/index.d.ts'
[08:41:21.213] Adding entry into typings cache: 'serialize-javascript' => '/home/krypt0/.cache/typescript/4.5/node_modules/@types/serialize-javascript/index.d.ts'
[08:41:21.213] Adding entry into typings cache: 'serve-index' => '/home/krypt0/.cache/typescript/4.5/node_modules/@types/serve-index/index.d.ts'
[08:41:21.214] Adding entry into typings cache: 'serve-static' => '/home/krypt0/.cache/typescript/4.5/node_modules/@types/serve-static/index.d.ts'
[08:41:21.214] Adding entry into typings cache: 'shebang-command' => '/home/krypt0/.cache/typescript/4.5/node_modules/@types/shebang-command/index.d.ts'
[08:41:21.215] Adding entry into typings cache: 'signal-exit' => '/home/krypt0/.cache/typescript/4.5/node_modules/@types/signal-exit/index.d.ts'
[08:41:21.216] Adding entry into typings cache: 'sockjs' => '/home/krypt0/.cache/typescript/4.5/node_modules/@types/sockjs/index.d.ts'
[08:41:21.217] Adding entry into typings cache: 'source-map-support' => '/home/krypt0/.cache/typescript/4.5/node_modules/@types/source-map-support/index.d.ts'
[08:41:21.217] Adding entry into typings cache: 'spdy' => '/home/krypt0/.cache/typescript/4.5/node_modules/@types/spdy/index.d.ts'
[08:41:21.218] Adding entry into typings cache: 'sprintf' => '/home/krypt0/.cache/typescript/4.5/node_modules/@types/sprintf/index.d.ts'
[08:41:21.218] Adding entry into typings cache: 'sprintf-js' => '/home/krypt0/.cache/typescript/4.5/node_modules/@types/sprintf-js/index.d.ts'
[08:41:21.218] Adding entry into typings cache: 'ssri' => '/home/krypt0/.cache/typescript/4.5/node_modules/@types/ssri/index.d.ts'
[08:41:21.219] Adding entry into typings cache: 'statuses' => '/home/krypt0/.cache/typescript/4.5/node_modules/@types/statuses/index.d.ts'
[08:41:21.219] Adding entry into typings cache: 'strip-final-newline' => '/home/krypt0/.cache/typescript/4.5/node_modules/@types/strip-final-newline/index.d.ts'
[08:41:21.220] Adding entry into typings cache: 'stylus' => '/home/krypt0/.cache/typescript/4.5/node_modules/@types/stylus/index.d.ts'
[08:41:21.220] Adding entry into typings cache: 'supports-color' => '/home/krypt0/.cache/typescript/4.5/node_modules/@types/supports-color/index.d.ts'
[08:41:21.221] Adding entry into typings cache: 'tailwindcss' => '/home/krypt0/.cache/typescript/4.5/node_modules/@types/tailwindcss/index.d.ts'
[08:41:21.221] Adding entry into typings cache: 'tar' => '/home/krypt0/.cache/typescript/4.5/node_modules/@types/tar/index.d.ts'
[08:41:21.222] Adding entry into typings cache: 'text-table' => '/home/krypt0/.cache/typescript/4.5/node_modules/@types/text-table/index.d.ts'
[08:41:21.222] Adding entry into typings cache: 'through' => '/home/krypt0/.cache/typescript/4.5/node_modules/@types/through/index.d.ts'
[08:41:21.222] Adding entry into typings cache: 'thunky' => '/home/krypt0/.cache/typescript/4.5/node_modules/@types/thunky/index.d.ts'
[08:41:21.223] Adding entry into typings cache: 'tmp' => '/home/krypt0/.cache/typescript/4.5/node_modules/@types/tmp/index.d.ts'
[08:41:21.223] Adding entry into typings cache: 'to-regex-range' => '/home/krypt0/.cache/typescript/4.5/node_modules/@types/to-regex-range/index.d.ts'
[08:41:21.224] Adding entry into typings cache: 'type-is' => '/home/krypt0/.cache/typescript/4.5/node_modules/@types/type-is/index.d.ts'
[08:41:21.224] Adding entry into typings cache: 'ua-parser-js' => '/home/krypt0/.cache/typescript/4.5/node_modules/@types/ua-parser-js/index.d.ts'
[08:41:21.225] Adding entry into typings cache: 'uniq' => '/home/krypt0/.cache/typescript/4.5/node_modules/@types/uniq/index.d.ts'
[08:41:21.226] Adding entry into typings cache: 'universalify' => '/home/krypt0/.cache/typescript/4.5/node_modules/@types/universalify/index.d.ts'
[08:41:21.227] Adding entry into typings cache: 'util-deprecate' => '/home/krypt0/.cache/typescript/4.5/node_modules/@types/util-deprecate/index.d.ts'
[08:41:21.227] Adding entry into typings cache: 'utils-merge' => '/home/krypt0/.cache/typescript/4.5/node_modules/@types/utils-merge/index.d.ts'
[08:41:21.227] Adding entry into typings cache: 'uuid' => '/home/krypt0/.cache/typescript/4.5/node_modules/@types/uuid/index.d.ts'
[08:41:21.228] Adding entry into typings cache: 'validate-npm-package-name' => '/home/krypt0/.cache/typescript/4.5/node_modules/@types/validate-npm-package-name/index.d.ts'
[08:41:21.228] Adding entry into typings cache: 'vary' => '/home/krypt0/.cache/typescript/4.5/node_modules/@types/vary/index.d.ts'
[08:41:21.229] Adding entry into typings cache: 'void-elements' => '/home/krypt0/.cache/typescript/4.5/node_modules/@types/void-elements/index.d.ts'
[08:41:21.230] Adding entry into typings cache: 'watchpack' => '/home/krypt0/.cache/typescript/4.5/node_modules/@types/watchpack/index.d.ts'
[08:41:21.231] Adding entry into typings cache: 'wcwidth' => '/home/krypt0/.cache/typescript/4.5/node_modules/@types/wcwidth/index.d.ts'
[08:41:21.232] Adding entry into typings cache: 'webpack-sources' => '/home/krypt0/.cache/typescript/4.5/node_modules/@types/webpack-sources/index.d.ts'
[08:41:21.232] Adding entry into typings cache: 'which' => '/home/krypt0/.cache/typescript/4.5/node_modules/@types/which/index.d.ts'
[08:41:21.234] Adding entry into typings cache: 'wrap-ansi' => '/home/krypt0/.cache/typescript/4.5/node_modules/@types/wrap-ansi/index.d.ts'
[08:41:21.235] Adding entry into typings cache: 'ws' => '/home/krypt0/.cache/typescript/4.5/node_modules/@types/ws/index.d.ts'
[08:41:21.236] Adding entry into typings cache: 'xtend' => '/home/krypt0/.cache/typescript/4.5/node_modules/@types/xtend/index.d.ts'
[08:41:21.236] Adding entry into typings cache: 'yallist' => '/home/krypt0/.cache/typescript/4.5/node_modules/@types/yallist/index.d.ts'
[08:41:21.237] Adding entry into typings cache: 'yargs' => '/home/krypt0/.cache/typescript/4.5/node_modules/@types/yargs/index.d.ts'
[08:41:21.237] Adding entry into typings cache: 'yargs-parser' => '/home/krypt0/.cache/typescript/4.5/node_modules/@types/yargs-parser/index.d.ts'
[08:41:21.238] Finished processing cache location '/home/krypt0/.cache/typescript/4.5'
[08:41:21.238] Process id: 573176
[08:41:21.238] NPM location: /usr/bin/npm (explicit '--npmLocation' not  provided)
[08:41:21.238] validateDefaultNpmLocation: false
[08:41:21.238] Npm config file: /home/krypt0/.cache/typescript/4.5/package.json
[08:41:21.238] Updating types-registry npm package...
[08:41:21.238] Exec: /usr/bin/npm install --ignore-scripts types-registry@latest
[08:41:22.802]     Succeeded. stdout:
    
    up to date, audited 522 packages in 1s

11 packages are looking for funding
  run `npm fund` for details

9 vulnerabilities (6 moderate, 3 high)

To address issues that do not require attention, run:
  npm audit fix

To address all issues possible (including breaking changes), run:
  npm audit fix --force

Some issues need review, and may require choosing
a different dependency.

Run `npm audit` for details.

[08:41:22.802] Updated types-registry npm package
[08:41:22.835] Got install request {"projectName":"/dev/null/inferredProject1*","fileNames":["/usr/lib/node_modules/typescript/lib/lib.es5.d.ts","/usr/lib/node_modules/typescript/lib/lib.es2015.d.ts","/usr/lib/node_modules/typescript/lib/lib.es2016.d.ts","/usr/lib/node_modules/typescript/lib/lib.dom.d.ts","/usr/lib/node_modules/typescript/lib/lib.dom.iterable.d.ts","/usr/lib/node_modules/typescript/lib/lib.webworker.importscripts.d.ts","/usr/lib/node_modules/typescript/lib/lib.scripthost.d.ts","/usr/lib/node_modules/typescript/lib/lib.es2015.core.d.ts","/usr/lib/node_modules/typescript/lib/lib.es2015.collection.d.ts","/usr/lib/node_modules/typescript/lib/lib.es2015.generator.d.ts","/usr/lib/node_modules/typescript/lib/lib.es2015.iterable.d.ts","/usr/lib/node_modules/typescript/lib/lib.es2015.promise.d.ts","/usr/lib/node_modules/typescript/lib/lib.es2015.proxy.d.ts","/usr/lib/node_modules/typescript/lib/lib.es2015.reflect.d.ts","/usr/lib/node_modules/typescript/lib/lib.es2015.symbol.d.ts","/usr/lib/node_modules/typescript/lib/lib.es2015.symbol.wellknown.d.ts","/usr/lib/node_modules/typescript/lib/lib.es2016.array.include.d.ts","/usr/lib/node_modules/typescript/lib/lib.es2016.full.d.ts","/home/krypt0/Desktop/Uni/Third-Year/First-Semester/LTW/Project/js/canvas/canvas.js"],"compilerOptions":{"module":1,"target":3,"jsx":1,"allowJs":true,"allowSyntheticDefaultImports":true,"allowNonTsExtensions":true,"noEmitForJsFiles":true,"maxNodeModuleJsDepth":2},"typeAcquisition":{"enable":true,"include":[],"exclude":[]},"unresolvedImports":[],"projectRootPath":"/home/krypt0/Desktop/Uni/Third-Year/First-Semester/LTW/Project/js/canvas","kind":"discover"}
[08:41:22.838] Loaded safelist from types map file '/usr/lib/node_modules/typescript/lib/typesMap.json'
[08:41:22.839] Explicitly included types: []
[08:41:22.839] Inferred typings from unresolved imports: []
[08:41:22.839] Result: {"cachedTypingPaths":[],"newTypingNames":[],"filesToWatch":["/home/krypt0/Desktop/Uni/Third-Year/First-Semester/LTW/Project/js/canvas/bower_components","/home/krypt0/Desktop/Uni/Third-Year/First-Semester/LTW/Project/js/canvas/node_modules"]}
[08:41:22.839] Finished typings discovery: {"cachedTypingPaths":[],"newTypingNames":[],"filesToWatch":["/home/krypt0/Desktop/Uni/Third-Year/First-Semester/LTW/Project/js/canvas/bower_components","/home/krypt0/Desktop/Uni/Third-Year/First-Semester/LTW/Project/js/canvas/node_modules"]}
[08:41:22.840] DirectoryWatcher:: Added:: WatchInfo: /home/krypt0/Desktop/Uni/Third-Year/First-Semester/LTW/Project/js/canvas/bower_components
[08:41:22.840] DirectoryWatcher:: Added:: WatchInfo: /home/krypt0/Desktop/Uni/Third-Year/First-Semester/LTW/Project/js/canvas/bower_components 1 undefined Project: /dev/null/inferredProject1* watcher already invoked: false
[08:41:22.841] Elapsed:: 0.9772589998319745ms DirectoryWatcher:: Added:: WatchInfo: /home/krypt0/Desktop/Uni/Third-Year/First-Semester/LTW/Project/js/canvas/bower_components 1 undefined Project: /dev/null/inferredProject1* watcher already invoked: false
[08:41:22.841] DirectoryWatcher:: Added:: WatchInfo: /home/krypt0/Desktop/Uni/Third-Year/First-Semester/LTW/Project/js/canvas/node_modules
[08:41:22.841] DirectoryWatcher:: Added:: WatchInfo: /home/krypt0/Desktop/Uni/Third-Year/First-Semester/LTW/Project/js/canvas/node_modules 1 undefined Project: /dev/null/inferredProject1* watcher already invoked: false
[08:41:22.841] Elapsed:: 0.06672099977731705ms DirectoryWatcher:: Added:: WatchInfo: /home/krypt0/Desktop/Uni/Third-Year/First-Semester/LTW/Project/js/canvas/node_modules 1 undefined Project: /dev/null/inferredProject1* watcher already invoked: false
[08:41:22.841] Sending response:
    {"projectName":"/dev/null/inferredProject1*","typeAcquisition":{"enable":true,"include":[],"exclude":[]},"compilerOptions":{"module":1,"target":3,"jsx":1,"allowJs":true,"allowSyntheticDefaultImports":true,"allowNonTsExtensions":true,"noEmitForJsFiles":true,"maxNodeModuleJsDepth":2},"typings":[],"unresolvedImports":[],"kind":"action::set"}
[08:41:22.841] Response has been sent.
[08:41:22.841] No new typings were requested as a result of typings discovery
[08:49:18.820] Got install request {"projectName":"/dev/null/inferredProject2*","fileNames":["/usr/lib/node_modules/typescript/lib/lib.es5.d.ts","/usr/lib/node_modules/typescript/lib/lib.es2015.d.ts","/usr/lib/node_modules/typescript/lib/lib.es2016.d.ts","/usr/lib/node_modules/typescript/lib/lib.dom.d.ts","/usr/lib/node_modules/typescript/lib/lib.dom.iterable.d.ts","/usr/lib/node_modules/typescript/lib/lib.webworker.importscripts.d.ts","/usr/lib/node_modules/typescript/lib/lib.scripthost.d.ts","/usr/lib/node_modules/typescript/lib/lib.es2015.core.d.ts","/usr/lib/node_modules/typescript/lib/lib.es2015.collection.d.ts","/usr/lib/node_modules/typescript/lib/lib.es2015.generator.d.ts","/usr/lib/node_modules/typescript/lib/lib.es2015.iterable.d.ts","/usr/lib/node_modules/typescript/lib/lib.es2015.promise.d.ts","/usr/lib/node_modules/typescript/lib/lib.es2015.proxy.d.ts","/usr/lib/node_modules/typescript/lib/lib.es2015.reflect.d.ts","/usr/lib/node_modules/typescript/lib/lib.es2015.symbol.d.ts","/usr/lib/node_modules/typescript/lib/lib.es2015.symbol.wellknown.d.ts","/usr/lib/node_modules/typescript/lib/lib.es2016.array.include.d.ts","/usr/lib/node_modules/typescript/lib/lib.es2016.full.d.ts","/home/krypt0/Desktop/Uni/Third-Year/First-Semester/LTW/Project/js/server/handlers/register.js","/home/krypt0/Desktop/Uni/Third-Year/First-Semester/LTW/Project/js/server/handlers/ranking.js","/home/krypt0/Desktop/Uni/Third-Year/First-Semester/LTW/Project/js/server/model/model.js","/home/krypt0/Desktop/Uni/Third-Year/First-Semester/LTW/Project/js/server/controller/controller.js","/home/krypt0/Desktop/Uni/Third-Year/First-Semester/LTW/Project/js/server/game/game.js","/home/krypt0/Desktop/Uni/Third-Year/First-Semester/LTW/Project/js/server/handlers/join.js","/home/krypt0/Desktop/Uni/Third-Year/First-Semester/LTW/Project/js/server/handlers/notify.js","/home/krypt0/Desktop/Uni/Third-Year/First-Semester/LTW/Project/js/server/index.js"],"compilerOptions":{"module":1,"target":3,"jsx":1,"allowJs":true,"allowSyntheticDefaultImports":true,"allowNonTsExtensions":true,"noEmitForJsFiles":true,"maxNodeModuleJsDepth":2},"typeAcquisition":{"enable":true,"include":[],"exclude":[]},"unresolvedImports":[],"projectRootPath":"/home/krypt0/Desktop/Uni/Third-Year/First-Semester/LTW/Project/js/server","kind":"discover"}
[08:49:18.821] Explicitly included types: []
[08:49:18.821] Inferred typings from file names: ["notify"]
[08:49:18.821] Inferred typings from unresolved imports: []
[08:49:18.821] Result: {"cachedTypingPaths":["/home/krypt0/.cache/typescript/4.5/node_modules/@types/notify/index.d.ts"],"newTypingNames":[],"filesToWatch":["/home/krypt0/Desktop/Uni/Third-Year/First-Semester/LTW/Project/js/server/handlers/bower_components","/home/krypt0/Desktop/Uni/Third-Year/First-Semester/LTW/Project/js/server/handlers/node_modules","/home/krypt0/Desktop/Uni/Third-Year/First-Semester/LTW/Project/js/server/model/bower_components","/home/krypt0/Desktop/Uni/Third-Year/First-Semester/LTW/Project/js/server/model/node_modules","/home/krypt0/Desktop/Uni/Third-Year/First-Semester/LTW/Project/js/server/controller/bower_components","/home/krypt0/Desktop/Uni/Third-Year/First-Semester/LTW/Project/js/server/controller/node_modules","/home/krypt0/Desktop/Uni/Third-Year/First-Semester/LTW/Project/js/server/game/bower_components","/home/krypt0/Desktop/Uni/Third-Year/First-Semester/LTW/Project/js/server/game/node_modules","/home/krypt0/Desktop/Uni/Third-Year/First-Semester/LTW/Project/js/server/bower_components","/home/krypt0/Desktop/Uni/Third-Year/First-Semester/LTW/Project/js/server/node_modules"]}
[08:49:18.821] Finished typings discovery: {"cachedTypingPaths":["/home/krypt0/.cache/typescript/4.5/node_modules/@types/notify/index.d.ts"],"newTypingNames":[],"filesToWatch":["/home/krypt0/Desktop/Uni/Third-Year/First-Semester/LTW/Project/js/server/handlers/bower_components","/home/krypt0/Desktop/Uni/Third-Year/First-Semester/LTW/Project/js/server/handlers/node_modules","/home/krypt0/Desktop/Uni/Third-Year/First-Semester/LTW/Project/js/server/model/bower_components","/home/krypt0/Desktop/Uni/Third-Year/First-Semester/LTW/Project/js/server/model/node_modules","/home/krypt0/Desktop/Uni/Third-Year/First-Semester/LTW/Project/js/server/controller/bower_components","/home/krypt0/Desktop/Uni/Third-Year/First-Semester/LTW/Project/js/server/controller/node_modules","/home/krypt0/Desktop/Uni/Third-Year/First-Semester/LTW/Project/js/server/game/bower_components","/home/krypt0/Desktop/Uni/Third-Year/First-Semester/LTW/Project/js/server/game/node_modules","/home/krypt0/Desktop/Uni/Third-Year/First-Semester/LTW/Project/js/server/bower_components","/home/krypt0/Desktop/Uni/Third-Year/First-Semester/LTW/Project/js/server/node_modules"]}
[08:49:18.821] DirectoryWatcher:: Added:: WatchInfo: /home/krypt0/Desktop/Uni/Third-Year/First-Semester/LTW/Project/js/server/handlers
[08:49:18.821] DirectoryWatcher:: Added:: WatchInfo: /home/krypt0/Desktop/Uni/Third-Year/First-Semester/LTW/Project/js/server/handlers 1 undefined Project: /dev/null/inferredProject2* watcher already invoked: false
[08:49:18.822] Elapsed:: 0.6153409993276ms DirectoryWatcher:: Added:: WatchInfo: /home/krypt0/Desktop/Uni/Third-Year/First-Semester/LTW/Project/js/server/handlers 1 undefined Project: /dev/null/inferredProject2* watcher already invoked: false
[08:49:18.822] DirectoryWatcher:: Added:: WatchInfo: /home/krypt0/Desktop/Uni/Third-Year/First-Semester/LTW/Project/js/server/model
[08:49:18.822] DirectoryWatcher:: Added:: WatchInfo: /home/krypt0/Desktop/Uni/Third-Year/First-Semester/LTW/Project/js/server/model 1 undefined Project: /dev/null/inferredProject2* watcher already invoked: false
[08:49:18.822] Elapsed:: 0.07799099944531918ms DirectoryWatcher:: Added:: WatchInfo: /home/krypt0/Desktop/Uni/Third-Year/First-Semester/LTW/Project/js/server/model 1 undefined Project: /dev/null/inferredProject2* watcher already invoked: false
[08:49:18.822] DirectoryWatcher:: Added:: WatchInfo: /home/krypt0/Desktop/Uni/Third-Year/First-Semester/LTW/Project/js/server/controller
[08:49:18.822] DirectoryWatcher:: Added:: WatchInfo: /home/krypt0/Desktop/Uni/Third-Year/First-Semester/LTW/Project/js/server/controller 1 undefined Project: /dev/null/inferredProject2* watcher already invoked: false
[08:49:18.822] Elapsed:: 0.07230000011622906ms DirectoryWatcher:: Added:: WatchInfo: /home/krypt0/Desktop/Uni/Third-Year/First-Semester/LTW/Project/js/server/controller 1 undefined Project: /dev/null/inferredProject2* watcher already invoked: false
[08:49:18.822] DirectoryWatcher:: Added:: WatchInfo: /home/krypt0/Desktop/Uni/Third-Year/First-Semester/LTW/Project/js/server/game
[08:49:18.823] DirectoryWatcher:: Added:: WatchInfo: /home/krypt0/Desktop/Uni/Third-Year/First-Semester/LTW/Project/js/server/game 1 undefined Project: /dev/null/inferredProject2* watcher already invoked: false
[08:49:18.823] Elapsed:: 0.06955599971115589ms DirectoryWatcher:: Added:: WatchInfo: /home/krypt0/Desktop/Uni/Third-Year/First-Semester/LTW/Project/js/server/game 1 undefined Project: /dev/null/inferredProject2* watcher already invoked: false
[08:49:18.823] DirectoryWatcher:: Added:: WatchInfo: /home/krypt0/Desktop/Uni/Third-Year/First-Semester/LTW/Project/js/server/bower_components
[08:49:18.823] DirectoryWatcher:: Added:: WatchInfo: /home/krypt0/Desktop/Uni/Third-Year/First-Semester/LTW/Project/js/server/bower_components 1 undefined Project: /dev/null/inferredProject2* watcher already invoked: false
[08:49:18.823] Elapsed:: 0.07412900030612946ms DirectoryWatcher:: Added:: WatchInfo: /home/krypt0/Desktop/Uni/Third-Year/First-Semester/LTW/Project/js/server/bower_components 1 undefined Project: /dev/null/inferredProject2* watcher already invoked: false
[08:49:18.823] DirectoryWatcher:: Added:: WatchInfo: /home/krypt0/Desktop/Uni/Third-Year/First-Semester/LTW/Project/js/server/node_modules
[08:49:18.823] DirectoryWatcher:: Added:: WatchInfo: /home/krypt0/Desktop/Uni/Third-Year/First-Semester/LTW/Project/js/server/node_modules 1 undefined Project: /dev/null/inferredProject2* watcher already invoked: false
[08:49:18.823] Elapsed:: 0.11168000008910894ms DirectoryWatcher:: Added:: WatchInfo: /home/krypt0/Desktop/Uni/Third-Year/First-Semester/LTW/Project/js/server/node_modules 1 undefined Project: /dev/null/inferredProject2* watcher already invoked: false
[08:49:18.823] Sending response:
    {"projectName":"/dev/null/inferredProject2*","typeAcquisition":{"enable":true,"include":[],"exclude":[]},"compilerOptions":{"module":1,"target":3,"jsx":1,"allowJs":true,"allowSyntheticDefaultImports":true,"allowNonTsExtensions":true,"noEmitForJsFiles":true,"maxNodeModuleJsDepth":2},"typings":["/home/krypt0/.cache/typescript/4.5/node_modules/@types/notify/index.d.ts"],"unresolvedImports":[],"kind":"action::set"}
[08:49:18.823] Response has been sent.
[08:49:18.823] No new typings were requested as a result of typings discovery
[08:49:19.478] Got install request {"projectName":"/dev/null/inferredProject2*","fileNames":["/usr/lib/node_modules/typescript/lib/lib.es5.d.ts","/usr/lib/node_modules/typescript/lib/lib.es2015.d.ts","/usr/lib/node_modules/typescript/lib/lib.es2016.d.ts","/usr/lib/node_modules/typescript/lib/lib.dom.d.ts","/usr/lib/node_modules/typescript/lib/lib.dom.iterable.d.ts","/usr/lib/node_modules/typescript/lib/lib.webworker.importscripts.d.ts","/usr/lib/node_modules/typescript/lib/lib.scripthost.d.ts","/usr/lib/node_modules/typescript/lib/lib.es2015.core.d.ts","/usr/lib/node_modules/typescript/lib/lib.es2015.collection.d.ts","/usr/lib/node_modules/typescript/lib/lib.es2015.generator.d.ts","/usr/lib/node_modules/typescript/lib/lib.es2015.iterable.d.ts","/usr/lib/node_modules/typescript/lib/lib.es2015.promise.d.ts","/usr/lib/node_modules/typescript/lib/lib.es2015.proxy.d.ts","/usr/lib/node_modules/typescript/lib/lib.es2015.reflect.d.ts","/usr/lib/node_modules/typescript/lib/lib.es2015.symbol.d.ts","/usr/lib/node_modules/typescript/lib/lib.es2015.symbol.wellknown.d.ts","/usr/lib/node_modules/typescript/lib/lib.es2016.array.include.d.ts","/usr/lib/node_modules/typescript/lib/lib.es2016.full.d.ts","/home/krypt0/Desktop/Uni/Third-Year/First-Semester/LTW/Project/js/server/handlers/register.js","/home/krypt0/Desktop/Uni/Third-Year/First-Semester/LTW/Project/js/server/handlers/ranking.js","/home/krypt0/Desktop/Uni/Third-Year/First-Semester/LTW/Project/js/server/model/model.js","/home/krypt0/Desktop/Uni/Third-Year/First-Semester/LTW/Project/js/server/controller/controller.js","/home/krypt0/Desktop/Uni/Third-Year/First-Semester/LTW/Project/js/server/game/game.js","/home/krypt0/Desktop/Uni/Third-Year/First-Semester/LTW/Project/js/server/handlers/join.js","/home/krypt0/Desktop/Uni/Third-Year/First-Semester/LTW/Project/js/server/handlers/notify.js","/home/krypt0/Desktop/Uni/Third-Year/First-Semester/LTW/Project/js/server/index.js","/home/krypt0/.cache/typescript/4.5/node_modules/@types/notify/index.d.ts"],"compilerOptions":{"module":1,"target":3,"jsx":1,"allowJs":true,"allowSyntheticDefaultImports":true,"allowNonTsExtensions":true,"noEmitForJsFiles":true,"maxNodeModuleJsDepth":2},"typeAcquisition":{"enable":true,"include":[],"exclude":[]},"unresolvedImports":[],"projectRootPath":"/home/krypt0/Desktop/Uni/Third-Year/First-Semester/LTW/Project/js/server","kind":"discover"}
[08:49:19.478] Explicitly included types: []
[08:49:19.478] Inferred typings from file names: ["notify"]
[08:49:19.479] Inferred typings from unresolved imports: []
[08:49:19.479] Result: {"cachedTypingPaths":["/home/krypt0/.cache/typescript/4.5/node_modules/@types/notify/index.d.ts"],"newTypingNames":[],"filesToWatch":["/home/krypt0/Desktop/Uni/Third-Year/First-Semester/LTW/Project/js/server/handlers/bower_components","/home/krypt0/Desktop/Uni/Third-Year/First-Semester/LTW/Project/js/server/handlers/node_modules","/home/krypt0/Desktop/Uni/Third-Year/First-Semester/LTW/Project/js/server/model/bower_components","/home/krypt0/Desktop/Uni/Third-Year/First-Semester/LTW/Project/js/server/model/node_modules","/home/krypt0/Desktop/Uni/Third-Year/First-Semester/LTW/Project/js/server/controller/bower_components","/home/krypt0/Desktop/Uni/Third-Year/First-Semester/LTW/Project/js/server/controller/node_modules","/home/krypt0/Desktop/Uni/Third-Year/First-Semester/LTW/Project/js/server/game/bower_components","/home/krypt0/Desktop/Uni/Third-Year/First-Semester/LTW/Project/js/server/game/node_modules","/home/krypt0/Desktop/Uni/Third-Year/First-Semester/LTW/Project/js/server/bower_components","/home/krypt0/Desktop/Uni/Third-Year/First-Semester/LTW/Project/js/server/node_modules"]}
[08:49:19.479] Finished typings discovery: {"cachedTypingPaths":["/home/krypt0/.cache/typescript/4.5/node_modules/@types/notify/index.d.ts"],"newTypingNames":[],"filesToWatch":["/home/krypt0/Desktop/Uni/Third-Year/First-Semester/LTW/Project/js/server/handlers/bower_components","/home/krypt0/Desktop/Uni/Third-Year/First-Semester/LTW/Project/js/server/handlers/node_modules","/home/krypt0/Desktop/Uni/Third-Year/First-Semester/LTW/Project/js/server/model/bower_components","/home/krypt0/Desktop/Uni/Third-Year/First-Semester/LTW/Project/js/server/model/node_modules","/home/krypt0/Desktop/Uni/Third-Year/First-Semester/LTW/Project/js/server/controller/bower_components","/home/krypt0/Desktop/Uni/Third-Year/First-Semester/LTW/Project/js/server/controller/node_modules","/home/krypt0/Desktop/Uni/Third-Year/First-Semester/LTW/Project/js/server/game/bower_components","/home/krypt0/Desktop/Uni/Third-Year/First-Semester/LTW/Project/js/server/game/node_modules","/home/krypt0/Desktop/Uni/Third-Year/First-Semester/LTW/Project/js/server/bower_components","/home/krypt0/Desktop/Uni/Third-Year/First-Semester/LTW/Project/js/server/node_modules"]}
[08:49:19.479] Sending response:
    {"projectName":"/dev/null/inferredProject2*","typeAcquisition":{"enable":true,"include":[],"exclude":[]},"compilerOptions":{"module":1,"target":3,"jsx":1,"allowJs":true,"allowSyntheticDefaultImports":true,"allowNonTsExtensions":true,"noEmitForJsFiles":true,"maxNodeModuleJsDepth":2},"typings":["/home/krypt0/.cache/typescript/4.5/node_modules/@types/notify/index.d.ts"],"unresolvedImports":[],"kind":"action::set"}
[08:49:19.479] Response has been sent.
[08:49:19.479] No new typings were requested as a result of typings discovery
